[debug] [2017-07-25T01:29:38.708Z] ----------------------------------------------------------------------
[debug] [2017-07-25T01:29:38.713Z] Command:      /usr/local/bin/node /usr/local/bin/firebase deploy
[debug] [2017-07-25T01:29:38.713Z] CLI Version:  3.9.1
[debug] [2017-07-25T01:29:38.713Z] Platform:     darwin
[debug] [2017-07-25T01:29:38.713Z] Node Version: v8.0.0
[debug] [2017-07-25T01:29:38.714Z] Time:         Mon Jul 24 2017 21:29:38 GMT-0400 (EDT)
[debug] [2017-07-25T01:29:38.714Z] ----------------------------------------------------------------------
[debug] 
[debug] [2017-07-25T01:29:38.787Z] > command requires scopes: ["email","openid","https://www.googleapis.com/auth/cloudplatformprojects.readonly","https://www.googleapis.com/auth/firebase","https://www.googleapis.com/auth/cloud-platform"]
[debug] [2017-07-25T01:29:38.788Z] > authorizing via signed-in user
[debug] [2017-07-25T01:29:38.792Z] >>> HTTP REQUEST GET https://admin.firebase.com/v1/projects/roadtrip-stops  
 Mon Jul 24 2017 21:29:38 GMT-0400 (EDT)
[debug] [2017-07-25T01:29:41.122Z] <<< HTTP RESPONSE 200
[debug] [2017-07-25T01:29:41.124Z] >>> HTTP REQUEST GET https://admin.firebase.com/v1/database/roadtrip-stops/tokens  
 Mon Jul 24 2017 21:29:41 GMT-0400 (EDT)
[debug] [2017-07-25T01:29:41.520Z] <<< HTTP RESPONSE 200
[info] 
[info] === Deploying to 'roadtrip-stops'...
[info] 
[info] i  deploying hosting
[info] i  hosting: preparing ./ directory for upload...
